<?xml version="1.0" encoding="UTF-8"?>
<!-- Generated by org.testng.reporters.JUnitXMLReporter -->
<testsuite ignored="1" hostname="DESKTOP-PRI1S77" failures="0" tests="1" name="Default test" time="0.075" errors="0" timestamp="25 Feb 2023 04:53:22 GMT">
  <testcase classname="com.googly.tests.readingArrays" name="usingforEachLoop" time="0.02"/>
  <testcase classname="com.googly.tests.readingArrays" name="readArrayElement" time="0.0">
    <ignored/>
  </testcase> <!-- readArrayElement -->
</testsuite> <!-- Default test -->
