<?xml version="1.0" encoding="UTF-8"?>
<testng-results ignored="0" total="1" passed="1" failed="0" skipped="0">
  <reporter-output>
  </reporter-output>
  <suite started-at="2023-02-25T04:48:01Z" name="Default suite" finished-at="2023-02-25T04:48:01Z" duration-ms="92">
    <groups>
    </groups>
    <test started-at="2023-02-25T04:48:01Z" name="Default test" finished-at="2023-02-25T04:48:01Z" duration-ms="92">
      <class name="com.googly.tests.readingArrays">
        <test-method signature="readArrayElement()[pri:0, instance:com.googly.tests.readingArrays@4c60d6e9]" started-at="2023-02-25T04:48:01Z" name="readArrayElement" finished-at="2023-02-25T04:48:01Z" duration-ms="21" status="PASS">
          <reporter-output>
          </reporter-output>
        </test-method> <!-- readArrayElement -->
      </class> <!-- com.googly.tests.readingArrays -->
    </test> <!-- Default test -->
  </suite> <!-- Default suite -->
</testng-results>
