<?xml version="1.0" encoding="UTF-8"?>
<testng-results ignored="1" total="2" passed="1" failed="0" skipped="0">
  <reporter-output>
  </reporter-output>
  <suite started-at="2023-02-25T04:53:22Z" name="Default suite" finished-at="2023-02-25T04:53:22Z" duration-ms="75">
    <groups>
    </groups>
    <test started-at="2023-02-25T04:53:22Z" name="Default test" finished-at="2023-02-25T04:53:22Z" duration-ms="75">
      <class name="com.googly.tests.readingArrays">
        <test-method signature="usingforEachLoop()[pri:0, instance:com.googly.tests.readingArrays@15043a2f]" started-at="2023-02-25T04:53:22Z" name="usingforEachLoop" finished-at="2023-02-25T04:53:22Z" duration-ms="20" status="PASS">
          <reporter-output>
          </reporter-output>
        </test-method> <!-- usingforEachLoop -->
      </class> <!-- com.googly.tests.readingArrays -->
    </test> <!-- Default test -->
  </suite> <!-- Default suite -->
</testng-results>
